


ARM Macro Assembler    Page 1 


    1 00000000         ; gpio.s
    2 00000000         ; Desenvolvido para a placa EK-TM4C1294XL
    3 00000000         ; Prof. Guilherme Peron
    4 00000000         ; 19/03/2018
    5 00000000         
    6 00000000         ; ------------------------------------------------------
                       -------------------------
    7 00000000                 THUMB                        ; Instruções do tip
                                                            o Thumb-2
    8 00000000         ; ------------------------------------------------------
                       -------------------------
    9 00000000         ; Declarações EQU - Defines
   10 00000000         ; ========================
   11 00000000         ; Definições dos Registradores Gerais
   12 00000000 400FE608 
                       SYSCTL_RCGCGPIO_R
                               EQU              0x400FE608
   13 00000000 400FEA08 
                       SYSCTL_PRGPIO_R
                               EQU              0x400FEA08
   14 00000000         
   15 00000000         ; ========================
   16 00000000         ; NVIC
   17 00000000 E000E104 
                       NVIC_EN1_R
                               EQU              0xE000E104
   18 00000000 E000E430 
                       NVIC_PRI12_R
                               EQU              0xE000E430
   19 00000000         ; ========================
   20 00000000         ; Definições dos Ports
   21 00000000         ; PORT J
   22 00000000 40060000 
                       GPIO_PORTJ_AHB_DATA_BITS_R
                               EQU              0x40060000
   23 00000000 400603FC 
                       GPIO_PORTJ_AHB_DATA_R
                               EQU              0x400603FC
   24 00000000 40060400 
                       GPIO_PORTJ_AHB_DIR_R
                               EQU              0x40060400
   25 00000000 40060404 
                       GPIO_PORTJ_AHB_IS_R
                               EQU              0x40060404
   26 00000000 40060408 
                       GPIO_PORTJ_AHB_IBE_R
                               EQU              0x40060408
   27 00000000 4006040C 
                       GPIO_PORTJ_AHB_IEV_R
                               EQU              0x4006040C
   28 00000000 40060410 
                       GPIO_PORTJ_AHB_IM_R
                               EQU              0x40060410
   29 00000000 40060414 
                       GPIO_PORTJ_AHB_RIS_R
                               EQU              0x40060414
   30 00000000 40060418 
                       GPIO_PORTJ_AHB_MIS_R
                               EQU              0x40060418



ARM Macro Assembler    Page 2 


   31 00000000 4006041C 
                       GPIO_PORTJ_AHB_ICR_R
                               EQU              0x4006041C
   32 00000000 40060420 
                       GPIO_PORTJ_AHB_AFSEL_R
                               EQU              0x40060420
   33 00000000 40060500 
                       GPIO_PORTJ_AHB_DR2R_R
                               EQU              0x40060500
   34 00000000 40060504 
                       GPIO_PORTJ_AHB_DR4R_R
                               EQU              0x40060504
   35 00000000 40060508 
                       GPIO_PORTJ_AHB_DR8R_R
                               EQU              0x40060508
   36 00000000 4006050C 
                       GPIO_PORTJ_AHB_ODR_R
                               EQU              0x4006050C
   37 00000000 40060510 
                       GPIO_PORTJ_AHB_PUR_R
                               EQU              0x40060510
   38 00000000 40060514 
                       GPIO_PORTJ_AHB_PDR_R
                               EQU              0x40060514
   39 00000000 40060518 
                       GPIO_PORTJ_AHB_SLR_R
                               EQU              0x40060518
   40 00000000 4006051C 
                       GPIO_PORTJ_AHB_DEN_R
                               EQU              0x4006051C
   41 00000000 40060520 
                       GPIO_PORTJ_AHB_LOCK_R
                               EQU              0x40060520
   42 00000000 40060524 
                       GPIO_PORTJ_AHB_CR_R
                               EQU              0x40060524
   43 00000000 40060528 
                       GPIO_PORTJ_AHB_AMSEL_R
                               EQU              0x40060528
   44 00000000 4006052C 
                       GPIO_PORTJ_AHB_PCTL_R
                               EQU              0x4006052C
   45 00000000 40060530 
                       GPIO_PORTJ_AHB_ADCCTL_R
                               EQU              0x40060530
   46 00000000 40060534 
                       GPIO_PORTJ_AHB_DMACTL_R
                               EQU              0x40060534
   47 00000000 40060538 
                       GPIO_PORTJ_AHB_SI_R
                               EQU              0x40060538
   48 00000000 4006053C 
                       GPIO_PORTJ_AHB_DR12R_R
                               EQU              0x4006053C
   49 00000000 40060540 
                       GPIO_PORTJ_AHB_WAKEPEN_R
                               EQU              0x40060540
   50 00000000 40060544 
                       GPIO_PORTJ_AHB_WAKELVL_R



ARM Macro Assembler    Page 3 


                               EQU              0x40060544
   51 00000000 40060548 
                       GPIO_PORTJ_AHB_WAKESTAT_R
                               EQU              0x40060548
   52 00000000 40060FC0 
                       GPIO_PORTJ_AHB_PP_R
                               EQU              0x40060FC0
   53 00000000 40060FC4 
                       GPIO_PORTJ_AHB_PC_R
                               EQU              0x40060FC4
   54 00000000 00000100 
                       GPIO_PORTJ
                               EQU              2_00000100000000
   55 00000000         ; PORT M
   56 00000000 40063404 
                       GPIO_PORTM_IS_R
                               EQU              0x40063404
   57 00000000 40063408 
                       GPIO_PORTM_IBE_R
                               EQU              0x40063408
   58 00000000 4006340C 
                       GPIO_PORTM_IEV_R
                               EQU              0x4006340C
   59 00000000 40063410 
                       GPIO_PORTM_IM_R
                               EQU              0x40063410
   60 00000000 40063414 
                       GPIO_PORTM_RIS_R
                               EQU              0x40063414
   61 00000000 4006341C 
                       GPIO_PORTM_ICR_R
                               EQU              0x4006341C
   62 00000000 40063520 
                       GPIO_PORTM_LOCK_R
                               EQU              0x40063520
   63 00000000 40063524 
                       GPIO_PORTM_CR_R
                               EQU              0x40063524
   64 00000000 40063528 
                       GPIO_PORTM_AMSEL_R
                               EQU              0x40063528
   65 00000000 4006352C 
                       GPIO_PORTM_PCTL_R
                               EQU              0x4006352C
   66 00000000 40063400 
                       GPIO_PORTM_DIR_R
                               EQU              0x40063400
   67 00000000 40063420 
                       GPIO_PORTM_AFSEL_R
                               EQU              0x40063420
   68 00000000 4006351C 
                       GPIO_PORTM_DEN_R
                               EQU              0x4006351C
   69 00000000 40063510 
                       GPIO_PORTM_PUR_R
                               EQU              0x40063510
   70 00000000 400633FC 
                       GPIO_PORTM_DATA_R
                               EQU              0x400633FC



ARM Macro Assembler    Page 4 


   71 00000000 00000800 
                       GPIO_PORTM
                               EQU              2_00100000000000
   72 00000000         ; PORT N
   73 00000000 40064520 
                       GPIO_PORTN_LOCK_R
                               EQU              0x40064520
   74 00000000 40064524 
                       GPIO_PORTN_CR_R
                               EQU              0x40064524
   75 00000000 40064528 
                       GPIO_PORTN_AMSEL_R
                               EQU              0x40064528
   76 00000000 4006452C 
                       GPIO_PORTN_PCTL_R
                               EQU              0x4006452C
   77 00000000 40064400 
                       GPIO_PORTN_DIR_R
                               EQU              0x40064400
   78 00000000 40064420 
                       GPIO_PORTN_AFSEL_R
                               EQU              0x40064420
   79 00000000 4006451C 
                       GPIO_PORTN_DEN_R
                               EQU              0x4006451C
   80 00000000 40064510 
                       GPIO_PORTN_PUR_R
                               EQU              0x40064510
   81 00000000 400643FC 
                       GPIO_PORTN_DATA_R
                               EQU              0x400643FC
   82 00000000 00001000 
                       GPIO_PORTN
                               EQU              2_001000000000000
   83 00000000         
   84 00000000         
   85 00000000         ; ------------------------------------------------------
                       -------------------------
   86 00000000         ; Área de Código - Tudo abaixo da diretiva a seguir será
                        armazenado na memória de 
   87 00000000         ;                  código
   88 00000000                 AREA             |.text|, CODE, READONLY, ALIGN=
2
   89 00000000         
   90 00000000         ; Se alguma função do arquivo for chamada em outro arqui
                       vo 
   91 00000000                 EXPORT           GPIO_Init   ; Permite chamar GP
                                                            IO_Init de outro ar
                                                            quivo
   92 00000000                 EXPORT           PortN_Output ; Permite chamar P
                                                            ortN_Output de outr
                                                            o arquivo
   93 00000000                 EXPORT           GPIOPortJ_Handler
   94 00000000                 IMPORT           EnableInterrupts
   95 00000000                 IMPORT           DisableInterrupts
   96 00000000                 IMPORT           SysTick_Wait1ms
   97 00000000         
   98 00000000         
   99 00000000         ;-------------------------------------------------------



ARM Macro Assembler    Page 5 


                       -------------------------
  100 00000000         ; Função GPIO_Init
  101 00000000         ; Parâmetro de entrada: Não tem
  102 00000000         ; Parâmetro de saída: Não tem
  103 00000000         GPIO_Init
  104 00000000         ;=====================
  105 00000000         ; 1. Ativar o clock para a porta setando o bit correspon
                       dente no registrador RCGCGPIO,
  106 00000000         ; após isso verificar no PRGPIO se a porta está pronta p
                       ara uso.
  107 00000000         ; enable clock to GPIOF at clock gating register
  108 00000000 4844            LDR              R0, =SYSCTL_RCGCGPIO_R ;Carrega
                                                             o endereço do regi
                                                            strador RCGCGPIO
  109 00000002 F44F 5180       MOV              R1, #GPIO_PORTN ;Seta o bit da 
                                                            porta N
  110 00000006 F441 7180       ORR              R1, #GPIO_PORTJ ;Seta o bit da 
                                                            porta M, fazendo co
                                                            m OR
  111 0000000A 6001            STR              R1, [R0]    ;Move para a memóri
                                                            a os bits das porta
                                                            s no endereço do RC
                                                            GCGPIO
  112 0000000C         
  113 0000000C 4842            LDR              R0, =SYSCTL_PRGPIO_R ;Carrega o
                                                             endereço do PRGPIO
                                                             para esperar os GP
                                                            IO ficarem prontos
  114 0000000E 6801    EsperaGPIO
                               LDR              R1, [R0]    ;Lê da memória o co
                                                            nteúdo do endereço 
                                                            do registrador
  115 00000010 F44F 5280       MOV              R2, #GPIO_PORTN ;Seta os bits c
                                                            orrespondentes às p
                                                            ortas para fazer a 
                                                            comparação
  116 00000014 F442 7280       ORR              R2, #GPIO_PORTJ ;Seta o bit da 
                                                            porta M, fazendo co
                                                            m OR
  117 00000018 4211            TST              R1, R2      ;ANDS de R1 com R2
  118 0000001A D0F8            BEQ              EsperaGPIO  ;Se o flag Z=1, vol
                                                            ta para o laço. Sen
                                                            ão continua executa
                                                            ndo
  119 0000001C         
  120 0000001C         ; 2. Limpar o AMSEL para desabilitar a analógica
  121 0000001C F04F 0100       MOV              R1, #0x00   ;Colocar 0 no regis
                                                            trador para desabil
                                                            itar a função analó
                                                            gica
  122 00000020 483E            LDR              R0, =GPIO_PORTJ_AHB_AMSEL_R ;Ca
                                                            rrega o R0 com o en
                                                            dereço do AMSEL par
                                                            a a porta K
  123 00000022 6001            STR              R1, [R0]    ;Guarda no registra
                                                            dor AMSEL da porta 
                                                            K da memória
  124 00000024 483E            LDR              R0, =GPIO_PORTN_AMSEL_R ;Carreg
                                                            a o R0 com o endere



ARM Macro Assembler    Page 6 


                                                            ço do AMSEL para a 
                                                            porta N
  125 00000026 6001            STR              R1, [R0]    ;Guarda no registra
                                                            dor AMSEL da porta 
                                                            N da memória
  126 00000028         
  127 00000028         ; 3. Limpar PCTL para selecionar o GPIO
  128 00000028 F04F 0100       MOV              R1, #0x00   ;Colocar 0 no regis
                                                            trador para selecio
                                                            nar o modo GPIO
  129 0000002C 483D            LDR              R0, =GPIO_PORTJ_AHB_PCTL_R ;Car
                                                            rega o R0 com o end
                                                            ereço do PCTL para 
                                                            a porta M
  130 0000002E 6001            STR              R1, [R0]    ;Guarda no registra
                                                            dor PCTL da porta M
                                                             da memória
  131 00000030 483D            LDR              R0, =GPIO_PORTN_PCTL_R ;Carrega
                                                             o R0 com o endereç
                                                            o do PCTL para a po
                                                            rta N
  132 00000032 6001            STR              R1, [R0]    ;Guarda no registra
                                                            dor PCTL da porta N
                                                             da memória
  133 00000034         ; 4. DIR para 0 se for entrada, 1 se for saída
  134 00000034 483D            LDR              R0, =GPIO_PORTJ_AHB_DIR_R ;Carr
                                                            ega o R0 com o ende
                                                            reço do DIR para a 
                                                            porta K
  135 00000036 F04F 0100       MOV              R1, #2_00000000
  136 0000003A 6001            STR              R1, [R0]    ;Guarda no registra
                                                            dor   
  137 0000003C 483C            LDR              R0, =GPIO_PORTN_DIR_R ;Carrega 
                                                            o R0 com o endereço
                                                             do DIR para a port
                                                            a N
  138 0000003E F04F 0102       MOV              R1, #2_00000010 
                                                            ;PN1 & PN0 para LED
                                                            
  139 00000042 6001            STR              R1, [R0]    ;Guarda no registra
                                                            dor
  140 00000044         
  141 00000044         ; 5. Limpar os bits AFSEL para 0 para selecionar GPIO 
  142 00000044 F04F 0100       MOV              R1, #0x00   ;Colocar o valor 0 
                                                            para não setar funç
                                                            ão alternativa
  143 00000048 483A            LDR              R0, =GPIO_PORTJ_AHB_AFSEL_R ;Ca
                                                            rrega o endereço do
                                                             AFSEL da porta K
  144 0000004A 6001            STR              R1, [R0]    ;Escreve na porta 
  145 0000004C 483A            LDR              R0, =GPIO_PORTN_AFSEL_R ;Carreg
                                                            a o endereço do AFS
                                                            EL da porta N
  146 0000004E 6001            STR              R1, [R0]    ;Escreve na porta
  147 00000050         ; 6. Setar os bits de DEN para habilitar I/O digital
  148 00000050 483A            LDR              R0, =GPIO_PORTJ_AHB_DEN_R ;Carr
                                                            ega o endereço do D
                                                            EN
  149 00000052 6801            LDR              R1, [R0]    ;Ler da memória o r



ARM Macro Assembler    Page 7 


                                                            egistrador GPIO_POR
                                                            TN_DEN_R
  150 00000054 F04F 0203       MOV              R2, #2_00000011
  151 00000058 EA41 0102       ORR              R1, R2
  152 0000005C 6001            STR              R1, [R0]    ;Escreve no registr
                                                            ador da memória fun
                                                            cionalidade digital
                                                            
  153 0000005E         
  154 0000005E 4838            LDR              R0, =GPIO_PORTN_DEN_R ;Carrega 
                                                            o endereço do DEN
  155 00000060 6801            LDR              R1, [R0]    ;Ler da memória o r
                                                            egistrador GPIO_POR
                                                            TN_DEN_R
  156 00000062 F04F 0202       MOV              R2, #2_00000010
  157 00000066 EA41 0102       ORR              R1, R2
  158 0000006A 6001            STR              R1, [R0]    ;Escreve no registr
                                                            ador da memória fun
                                                            cionalidade digital
                                                             
  159 0000006C         
  160 0000006C         ; 7. Para habilitar resistor de pull-up interno, setar P
                       UR para 1
  161 0000006C 4835            LDR              R0, =GPIO_PORTJ_AHB_PUR_R ;Carr
                                                            ega o endereço do P
                                                            UR para a porta M
  162 0000006E F04F 0103       MOV              R1, #2_00000011 ;Habilitar func
                                                            ionalidade digital 
                                                            de resistor de pull
                                                            -up 
  163 00000072 6001            STR              R1, [R0]    ;Escreve no registr
                                                            ador da memória do 
                                                            resistor de pull-up
                                                            
  164 00000074         
  165 00000074         ;Interrupções
  166 00000074         ; 8. Desabilitar a interrupção no registrador IM
  167 00000074 4834            LDR              R0, =GPIO_PORTJ_AHB_IM_R ;Carre
                                                            ga o endereço do IM
                                                             para a porta M
  168 00000076 F04F 0100       MOV              R1, #2_00   ;Desabilitar as int
                                                            errupções  
  169 0000007A 6001            STR              R1, [R0]    ;Escreve no registr
                                                            ador
  170 0000007C         
  171 0000007C         ; 9. Configurar o tipo de interrupção por borda no regis
                       trador IS
  172 0000007C 4833            LDR              R0, =GPIO_PORTJ_AHB_IS_R ;Carre
                                                            ga o endereço do IS
                                                             para a porta M
  173 0000007E F04F 0100       MOV              R1, #2_00   ;Por Borda  
  174 00000082 6001            STR              R1, [R0]    ;Escreve no registr
                                                            ador
  175 00000084         
  176 00000084         ; 10. Configurar  borda única no registrador IBE
  177 00000084 4832            LDR              R0, =GPIO_PORTJ_AHB_IBE_R ;Carr
                                                            ega o endereço do I
                                                            BE para a porta M
  178 00000086 F04F 0100       MOV              R1, #2_00   ;Borda Única  



ARM Macro Assembler    Page 8 


  179 0000008A 6001            STR              R1, [R0]    ;Escreve no registr
                                                            ador
  180 0000008C         ; 11. Configurar  borda de descida (botão pressionado) n
                       o registrador IEV
  181 0000008C 4831            LDR              R0, =GPIO_PORTJ_AHB_IEV_R ;Carr
                                                            ega o endereço do I
                                                            EV para a porta M
  182 0000008E F04F 0102       MOV              R1, #2_10   ;Borda Única  
  183 00000092 6001            STR              R1, [R0]
  184 00000094         ;Escreve no registrador
  185 00000094         ; 12. Configurar  ICR
  186 00000094 4830            LDR              R0, =GPIO_PORTJ_AHB_ICR_R ;Carr
                                                            ega o endereço do I
                                                            EV para a porta M
  187 00000096 F04F 0103       MOV              R1, #2_11   ;Borda Única  
  188 0000009A 6001            STR              R1, [R0]
  189 0000009C         
  190 0000009C         ; 12. Habilitar a interrupção no registrador IM
  191 0000009C 482A            LDR              R0, =GPIO_PORTJ_AHB_IM_R ;Carre
                                                            ga o endereço do IM
                                                             para a porta M
  192 0000009E F04F 0103       MOV              R1, #2_11   ;Habilitar as inter
                                                            rupções  
  193 000000A2 6001            STR              R1, [R0]    ;Escreve no registr
                                                            ador
  194 000000A4         
  195 000000A4         ; 13. Habilitar a interrupção no NVIC
  196 000000A4 482D            LDR              R0, =NVIC_EN1_R ;Carrega o do N
                                                            VIC para o grupo qu
                                                            e tem o M entre 64 
                                                            e 95
  197 000000A6 F04F 0101       MOV              R1, #1
  198 000000AA EA4F 41C1       LSL              R1, #19     ;Desloca 8 bits par
                                                            a a esquerda já que
                                                             o M é a interrupçã
                                                            o do bit 8 no EN2
  199 000000AE 6001            STR              R1, [R0]    ;Escreve no registr
                                                            ador da memória
  200 000000B0         
  201 000000B0         ; 13. Setar a prioridade no NVIC
  202 000000B0 482B            LDR              R0, =NVIC_PRI12_R ;Carrega o do
                                                             NVIC para o grupo 
                                                            que tem o M entre 7
                                                            2 e 75
  203 000000B2 F04F 0105       MOV              R1, #5      ;Prioridade 3
  204 000000B6 EA4F 7141       LSL              R1, #29     ;Desloca 5 bits par
                                                            a a esquerda já que
                                                             o M é o primeiro b
                                                            yte do PRI18
  205 000000BA 6001            STR              R1, [R0]
  206 000000BC 4770            BX               LR
  207 000000BE         
  208 000000BE         ; ------------------------------------------------------
                       -------------------------
  209 000000BE         ; Função PortN_Output
  210 000000BE         ; Parâmetro de entrada: R0 --> se os BIT1 está ligado ou
                        desligado
  211 000000BE         ; Parâmetro de saída: Não tem
  212 000000BE         PortN_Output



ARM Macro Assembler    Page 9 


  213 000000BE 4929            LDR              R1, =GPIO_PORTN_DATA_R ;Carrega
                                                             o valor do offset 
                                                            do data register
  214 000000C0         ;Read-Modify-Write para escrita
  215 000000C0 680A            LDR              R2, [R1]
  216 000000C2 F022 0202       BIC              R2, #2_00000010 ;Primeiro limpa
                                                            mos os dois bits do
                                                             lido da porta R2 =
                                                             R2 & 11111101
  217 000000C6 EA40 0002       ORR              R0, R0, R2  ;Fazer o OR do lido
                                                             pela porta com o p
                                                            arâmetro de entrada
                                                            
  218 000000CA 6008            STR              R0, [R1]    ;Escreve na porta N
                                                             o barramento de da
                                                            dos dos pinos [N5-N
                                                            0]
  219 000000CC 4770            BX               LR          ;Retorno5
  220 000000CE         
  221 000000CE         ; ------------------------------------------------------
                       -------------------------
  222 000000CE         ; Função ISR GPIOPortM_Handler (Tratamento da interrupçã
                       o)
  223 000000CE         GPIOPortJ_Handler
  224 000000CE 4826            LDR              R0, =GPIO_PORTJ_AHB_RIS_R
  225 000000D0 6801            LDR              R1, [R0]
  226 000000D2 2901            CMP              R1, #2_01
  227 000000D4 D10B            BNE              Chave2
  228 000000D6 4820            LDR              R0, =GPIO_PORTJ_AHB_ICR_R
  229 000000D8 F04F 0101       MOV              R1, #2_01
  230 000000DC 6001            STR              R1, [R0]
  231 000000DE B500            PUSH             {LR}
  232 000000E0         ;BL Acende
  233 000000E0 F04F 0002       MOV              R0, #2_10
  234 000000E4 F7FF FFFE       BL               PortN_Output
  235 000000E8 F85D EB04       POP              {LR}
  236 000000EC E008            B                Fim_Interrupt
  237 000000EE         
  238 000000EE         Chave2
  239 000000EE 481A            LDR              R0, =GPIO_PORTJ_AHB_ICR_R
  240 000000F0 F04F 0102       MOV              R1, #2_10
  241 000000F4 6001            STR              R1, [R0]
  242 000000F6 B500            PUSH             {LR}
  243 000000F8 F000 F803       BL               Apaga
  244 000000FC F85D EB04       POP              {LR}
  245 00000100         
  246 00000100         Fim_Interrupt
  247 00000100 4770            BX               LR
  248 00000102         
  249 00000102         Acende
  250 00000102         
  251 00000102         
  252 00000102         Apaga
  253 00000102 F04F 0000       MOV              R0, #0
  254 00000106 B500            PUSH             {LR}
  255 00000108 F7FF FFFE       BL               PortN_Output
  256 0000010C F85D EB04       POP              {LR}
  257 00000110 4770            BX               LR
  258 00000112         



ARM Macro Assembler    Page 10 


  259 00000112 00 00           ALIGN                        ; garante que o fim
                                                             da seção está alin
                                                            hada 
  260 00000114                 END                          ; fim do arquivo
              400FE608 
              400FEA08 
              40060528 
              40064528 
              4006052C 
              4006452C 
              40060400 
              40064400 
              40060420 
              40064420 
              4006051C 
              4006451C 
              40060510 
              40060410 
              40060404 
              40060408 
              4006040C 
              4006041C 
              E000E104 
              E000E430 
              400643FC 
              40060414 
Command Line: --debug --xref --diag_suppress=9931 --cpu=Cortex-M4.fp.sp --apcs=
interwork --depend=.\objects\gpio.d -o.\objects\gpio.o -IC:\Users\gabri\AppData
\Local\Arm\Packs\Keil\TM4C_DFP\1.1.0\Device\Include\TM4C129 --predefine="__EVAL
 SETA 1" --predefine="__UVISION_VERSION SETA 536" --predefine="TM4C1294NCPDT SE
TA 1" --list=.\listings\gpio.lst gpio.s



ARM Macro Assembler    Page 1 Alphabetic symbol ordering
Relocatable symbols

.text 00000000

Symbol: .text
   Definitions
      At line 88 in file gpio.s
   Uses
      None
Comment: .text unused
Acende 00000102

Symbol: Acende
   Definitions
      At line 249 in file gpio.s
   Uses
      None
Comment: Acende unused
Apaga 00000102

Symbol: Apaga
   Definitions
      At line 252 in file gpio.s
   Uses
      At line 243 in file gpio.s
Comment: Apaga used once
Chave2 000000EE

Symbol: Chave2
   Definitions
      At line 238 in file gpio.s
   Uses
      At line 227 in file gpio.s
Comment: Chave2 used once
EsperaGPIO 0000000E

Symbol: EsperaGPIO
   Definitions
      At line 114 in file gpio.s
   Uses
      At line 118 in file gpio.s
Comment: EsperaGPIO used once
Fim_Interrupt 00000100

Symbol: Fim_Interrupt
   Definitions
      At line 246 in file gpio.s
   Uses
      At line 236 in file gpio.s
Comment: Fim_Interrupt used once
GPIOPortJ_Handler 000000CE

Symbol: GPIOPortJ_Handler
   Definitions
      At line 223 in file gpio.s
   Uses
      At line 93 in file gpio.s
Comment: GPIOPortJ_Handler used once
GPIO_Init 00000000

Symbol: GPIO_Init



ARM Macro Assembler    Page 2 Alphabetic symbol ordering
Relocatable symbols

   Definitions
      At line 103 in file gpio.s
   Uses
      At line 91 in file gpio.s
Comment: GPIO_Init used once
PortN_Output 000000BE

Symbol: PortN_Output
   Definitions
      At line 212 in file gpio.s
   Uses
      At line 92 in file gpio.s
      At line 234 in file gpio.s
      At line 255 in file gpio.s

9 symbols



ARM Macro Assembler    Page 1 Alphabetic symbol ordering
Absolute symbols

GPIO_PORTJ 00000100

Symbol: GPIO_PORTJ
   Definitions
      At line 54 in file gpio.s
   Uses
      At line 110 in file gpio.s
      At line 116 in file gpio.s

GPIO_PORTJ_AHB_ADCCTL_R 40060530

Symbol: GPIO_PORTJ_AHB_ADCCTL_R
   Definitions
      At line 45 in file gpio.s
   Uses
      None
Comment: GPIO_PORTJ_AHB_ADCCTL_R unused
GPIO_PORTJ_AHB_AFSEL_R 40060420

Symbol: GPIO_PORTJ_AHB_AFSEL_R
   Definitions
      At line 32 in file gpio.s
   Uses
      At line 143 in file gpio.s
Comment: GPIO_PORTJ_AHB_AFSEL_R used once
GPIO_PORTJ_AHB_AMSEL_R 40060528

Symbol: GPIO_PORTJ_AHB_AMSEL_R
   Definitions
      At line 43 in file gpio.s
   Uses
      At line 122 in file gpio.s
Comment: GPIO_PORTJ_AHB_AMSEL_R used once
GPIO_PORTJ_AHB_CR_R 40060524

Symbol: GPIO_PORTJ_AHB_CR_R
   Definitions
      At line 42 in file gpio.s
   Uses
      None
Comment: GPIO_PORTJ_AHB_CR_R unused
GPIO_PORTJ_AHB_DATA_BITS_R 40060000

Symbol: GPIO_PORTJ_AHB_DATA_BITS_R
   Definitions
      At line 22 in file gpio.s
   Uses
      None
Comment: GPIO_PORTJ_AHB_DATA_BITS_R unused
GPIO_PORTJ_AHB_DATA_R 400603FC

Symbol: GPIO_PORTJ_AHB_DATA_R
   Definitions
      At line 23 in file gpio.s
   Uses
      None
Comment: GPIO_PORTJ_AHB_DATA_R unused
GPIO_PORTJ_AHB_DEN_R 4006051C




ARM Macro Assembler    Page 2 Alphabetic symbol ordering
Absolute symbols

Symbol: GPIO_PORTJ_AHB_DEN_R
   Definitions
      At line 40 in file gpio.s
   Uses
      At line 148 in file gpio.s
Comment: GPIO_PORTJ_AHB_DEN_R used once
GPIO_PORTJ_AHB_DIR_R 40060400

Symbol: GPIO_PORTJ_AHB_DIR_R
   Definitions
      At line 24 in file gpio.s
   Uses
      At line 134 in file gpio.s
Comment: GPIO_PORTJ_AHB_DIR_R used once
GPIO_PORTJ_AHB_DMACTL_R 40060534

Symbol: GPIO_PORTJ_AHB_DMACTL_R
   Definitions
      At line 46 in file gpio.s
   Uses
      None
Comment: GPIO_PORTJ_AHB_DMACTL_R unused
GPIO_PORTJ_AHB_DR12R_R 4006053C

Symbol: GPIO_PORTJ_AHB_DR12R_R
   Definitions
      At line 48 in file gpio.s
   Uses
      None
Comment: GPIO_PORTJ_AHB_DR12R_R unused
GPIO_PORTJ_AHB_DR2R_R 40060500

Symbol: GPIO_PORTJ_AHB_DR2R_R
   Definitions
      At line 33 in file gpio.s
   Uses
      None
Comment: GPIO_PORTJ_AHB_DR2R_R unused
GPIO_PORTJ_AHB_DR4R_R 40060504

Symbol: GPIO_PORTJ_AHB_DR4R_R
   Definitions
      At line 34 in file gpio.s
   Uses
      None
Comment: GPIO_PORTJ_AHB_DR4R_R unused
GPIO_PORTJ_AHB_DR8R_R 40060508

Symbol: GPIO_PORTJ_AHB_DR8R_R
   Definitions
      At line 35 in file gpio.s
   Uses
      None
Comment: GPIO_PORTJ_AHB_DR8R_R unused
GPIO_PORTJ_AHB_IBE_R 40060408

Symbol: GPIO_PORTJ_AHB_IBE_R
   Definitions
      At line 26 in file gpio.s



ARM Macro Assembler    Page 3 Alphabetic symbol ordering
Absolute symbols

   Uses
      At line 177 in file gpio.s
Comment: GPIO_PORTJ_AHB_IBE_R used once
GPIO_PORTJ_AHB_ICR_R 4006041C

Symbol: GPIO_PORTJ_AHB_ICR_R
   Definitions
      At line 31 in file gpio.s
   Uses
      At line 186 in file gpio.s
      At line 228 in file gpio.s
      At line 239 in file gpio.s

GPIO_PORTJ_AHB_IEV_R 4006040C

Symbol: GPIO_PORTJ_AHB_IEV_R
   Definitions
      At line 27 in file gpio.s
   Uses
      At line 181 in file gpio.s
Comment: GPIO_PORTJ_AHB_IEV_R used once
GPIO_PORTJ_AHB_IM_R 40060410

Symbol: GPIO_PORTJ_AHB_IM_R
   Definitions
      At line 28 in file gpio.s
   Uses
      At line 167 in file gpio.s
      At line 191 in file gpio.s

GPIO_PORTJ_AHB_IS_R 40060404

Symbol: GPIO_PORTJ_AHB_IS_R
   Definitions
      At line 25 in file gpio.s
   Uses
      At line 172 in file gpio.s
Comment: GPIO_PORTJ_AHB_IS_R used once
GPIO_PORTJ_AHB_LOCK_R 40060520

Symbol: GPIO_PORTJ_AHB_LOCK_R
   Definitions
      At line 41 in file gpio.s
   Uses
      None
Comment: GPIO_PORTJ_AHB_LOCK_R unused
GPIO_PORTJ_AHB_MIS_R 40060418

Symbol: GPIO_PORTJ_AHB_MIS_R
   Definitions
      At line 30 in file gpio.s
   Uses
      None
Comment: GPIO_PORTJ_AHB_MIS_R unused
GPIO_PORTJ_AHB_ODR_R 4006050C

Symbol: GPIO_PORTJ_AHB_ODR_R
   Definitions
      At line 36 in file gpio.s



ARM Macro Assembler    Page 4 Alphabetic symbol ordering
Absolute symbols

   Uses
      None
Comment: GPIO_PORTJ_AHB_ODR_R unused
GPIO_PORTJ_AHB_PCTL_R 4006052C

Symbol: GPIO_PORTJ_AHB_PCTL_R
   Definitions
      At line 44 in file gpio.s
   Uses
      At line 129 in file gpio.s
Comment: GPIO_PORTJ_AHB_PCTL_R used once
GPIO_PORTJ_AHB_PC_R 40060FC4

Symbol: GPIO_PORTJ_AHB_PC_R
   Definitions
      At line 53 in file gpio.s
   Uses
      None
Comment: GPIO_PORTJ_AHB_PC_R unused
GPIO_PORTJ_AHB_PDR_R 40060514

Symbol: GPIO_PORTJ_AHB_PDR_R
   Definitions
      At line 38 in file gpio.s
   Uses
      None
Comment: GPIO_PORTJ_AHB_PDR_R unused
GPIO_PORTJ_AHB_PP_R 40060FC0

Symbol: GPIO_PORTJ_AHB_PP_R
   Definitions
      At line 52 in file gpio.s
   Uses
      None
Comment: GPIO_PORTJ_AHB_PP_R unused
GPIO_PORTJ_AHB_PUR_R 40060510

Symbol: GPIO_PORTJ_AHB_PUR_R
   Definitions
      At line 37 in file gpio.s
   Uses
      At line 161 in file gpio.s
Comment: GPIO_PORTJ_AHB_PUR_R used once
GPIO_PORTJ_AHB_RIS_R 40060414

Symbol: GPIO_PORTJ_AHB_RIS_R
   Definitions
      At line 29 in file gpio.s
   Uses
      At line 224 in file gpio.s
Comment: GPIO_PORTJ_AHB_RIS_R used once
GPIO_PORTJ_AHB_SI_R 40060538

Symbol: GPIO_PORTJ_AHB_SI_R
   Definitions
      At line 47 in file gpio.s
   Uses
      None
Comment: GPIO_PORTJ_AHB_SI_R unused



ARM Macro Assembler    Page 5 Alphabetic symbol ordering
Absolute symbols

GPIO_PORTJ_AHB_SLR_R 40060518

Symbol: GPIO_PORTJ_AHB_SLR_R
   Definitions
      At line 39 in file gpio.s
   Uses
      None
Comment: GPIO_PORTJ_AHB_SLR_R unused
GPIO_PORTJ_AHB_WAKELVL_R 40060544

Symbol: GPIO_PORTJ_AHB_WAKELVL_R
   Definitions
      At line 50 in file gpio.s
   Uses
      None
Comment: GPIO_PORTJ_AHB_WAKELVL_R unused
GPIO_PORTJ_AHB_WAKEPEN_R 40060540

Symbol: GPIO_PORTJ_AHB_WAKEPEN_R
   Definitions
      At line 49 in file gpio.s
   Uses
      None
Comment: GPIO_PORTJ_AHB_WAKEPEN_R unused
GPIO_PORTJ_AHB_WAKESTAT_R 40060548

Symbol: GPIO_PORTJ_AHB_WAKESTAT_R
   Definitions
      At line 51 in file gpio.s
   Uses
      None
Comment: GPIO_PORTJ_AHB_WAKESTAT_R unused
GPIO_PORTM 00000800

Symbol: GPIO_PORTM
   Definitions
      At line 71 in file gpio.s
   Uses
      None
Comment: GPIO_PORTM unused
GPIO_PORTM_AFSEL_R 40063420

Symbol: GPIO_PORTM_AFSEL_R
   Definitions
      At line 67 in file gpio.s
   Uses
      None
Comment: GPIO_PORTM_AFSEL_R unused
GPIO_PORTM_AMSEL_R 40063528

Symbol: GPIO_PORTM_AMSEL_R
   Definitions
      At line 64 in file gpio.s
   Uses
      None
Comment: GPIO_PORTM_AMSEL_R unused
GPIO_PORTM_CR_R 40063524

Symbol: GPIO_PORTM_CR_R



ARM Macro Assembler    Page 6 Alphabetic symbol ordering
Absolute symbols

   Definitions
      At line 63 in file gpio.s
   Uses
      None
Comment: GPIO_PORTM_CR_R unused
GPIO_PORTM_DATA_R 400633FC

Symbol: GPIO_PORTM_DATA_R
   Definitions
      At line 70 in file gpio.s
   Uses
      None
Comment: GPIO_PORTM_DATA_R unused
GPIO_PORTM_DEN_R 4006351C

Symbol: GPIO_PORTM_DEN_R
   Definitions
      At line 68 in file gpio.s
   Uses
      None
Comment: GPIO_PORTM_DEN_R unused
GPIO_PORTM_DIR_R 40063400

Symbol: GPIO_PORTM_DIR_R
   Definitions
      At line 66 in file gpio.s
   Uses
      None
Comment: GPIO_PORTM_DIR_R unused
GPIO_PORTM_IBE_R 40063408

Symbol: GPIO_PORTM_IBE_R
   Definitions
      At line 57 in file gpio.s
   Uses
      None
Comment: GPIO_PORTM_IBE_R unused
GPIO_PORTM_ICR_R 4006341C

Symbol: GPIO_PORTM_ICR_R
   Definitions
      At line 61 in file gpio.s
   Uses
      None
Comment: GPIO_PORTM_ICR_R unused
GPIO_PORTM_IEV_R 4006340C

Symbol: GPIO_PORTM_IEV_R
   Definitions
      At line 58 in file gpio.s
   Uses
      None
Comment: GPIO_PORTM_IEV_R unused
GPIO_PORTM_IM_R 40063410

Symbol: GPIO_PORTM_IM_R
   Definitions
      At line 59 in file gpio.s
   Uses



ARM Macro Assembler    Page 7 Alphabetic symbol ordering
Absolute symbols

      None
Comment: GPIO_PORTM_IM_R unused
GPIO_PORTM_IS_R 40063404

Symbol: GPIO_PORTM_IS_R
   Definitions
      At line 56 in file gpio.s
   Uses
      None
Comment: GPIO_PORTM_IS_R unused
GPIO_PORTM_LOCK_R 40063520

Symbol: GPIO_PORTM_LOCK_R
   Definitions
      At line 62 in file gpio.s
   Uses
      None
Comment: GPIO_PORTM_LOCK_R unused
GPIO_PORTM_PCTL_R 4006352C

Symbol: GPIO_PORTM_PCTL_R
   Definitions
      At line 65 in file gpio.s
   Uses
      None
Comment: GPIO_PORTM_PCTL_R unused
GPIO_PORTM_PUR_R 40063510

Symbol: GPIO_PORTM_PUR_R
   Definitions
      At line 69 in file gpio.s
   Uses
      None
Comment: GPIO_PORTM_PUR_R unused
GPIO_PORTM_RIS_R 40063414

Symbol: GPIO_PORTM_RIS_R
   Definitions
      At line 60 in file gpio.s
   Uses
      None
Comment: GPIO_PORTM_RIS_R unused
GPIO_PORTN 00001000

Symbol: GPIO_PORTN
   Definitions
      At line 82 in file gpio.s
   Uses
      At line 109 in file gpio.s
      At line 115 in file gpio.s

GPIO_PORTN_AFSEL_R 40064420

Symbol: GPIO_PORTN_AFSEL_R
   Definitions
      At line 78 in file gpio.s
   Uses
      At line 145 in file gpio.s
Comment: GPIO_PORTN_AFSEL_R used once



ARM Macro Assembler    Page 8 Alphabetic symbol ordering
Absolute symbols

GPIO_PORTN_AMSEL_R 40064528

Symbol: GPIO_PORTN_AMSEL_R
   Definitions
      At line 75 in file gpio.s
   Uses
      At line 124 in file gpio.s
Comment: GPIO_PORTN_AMSEL_R used once
GPIO_PORTN_CR_R 40064524

Symbol: GPIO_PORTN_CR_R
   Definitions
      At line 74 in file gpio.s
   Uses
      None
Comment: GPIO_PORTN_CR_R unused
GPIO_PORTN_DATA_R 400643FC

Symbol: GPIO_PORTN_DATA_R
   Definitions
      At line 81 in file gpio.s
   Uses
      At line 213 in file gpio.s
Comment: GPIO_PORTN_DATA_R used once
GPIO_PORTN_DEN_R 4006451C

Symbol: GPIO_PORTN_DEN_R
   Definitions
      At line 79 in file gpio.s
   Uses
      At line 154 in file gpio.s
Comment: GPIO_PORTN_DEN_R used once
GPIO_PORTN_DIR_R 40064400

Symbol: GPIO_PORTN_DIR_R
   Definitions
      At line 77 in file gpio.s
   Uses
      At line 137 in file gpio.s
Comment: GPIO_PORTN_DIR_R used once
GPIO_PORTN_LOCK_R 40064520

Symbol: GPIO_PORTN_LOCK_R
   Definitions
      At line 73 in file gpio.s
   Uses
      None
Comment: GPIO_PORTN_LOCK_R unused
GPIO_PORTN_PCTL_R 4006452C

Symbol: GPIO_PORTN_PCTL_R
   Definitions
      At line 76 in file gpio.s
   Uses
      At line 131 in file gpio.s
Comment: GPIO_PORTN_PCTL_R used once
GPIO_PORTN_PUR_R 40064510

Symbol: GPIO_PORTN_PUR_R



ARM Macro Assembler    Page 9 Alphabetic symbol ordering
Absolute symbols

   Definitions
      At line 80 in file gpio.s
   Uses
      None
Comment: GPIO_PORTN_PUR_R unused
NVIC_EN1_R E000E104

Symbol: NVIC_EN1_R
   Definitions
      At line 17 in file gpio.s
   Uses
      At line 196 in file gpio.s
Comment: NVIC_EN1_R used once
NVIC_PRI12_R E000E430

Symbol: NVIC_PRI12_R
   Definitions
      At line 18 in file gpio.s
   Uses
      At line 202 in file gpio.s
Comment: NVIC_PRI12_R used once
SYSCTL_PRGPIO_R 400FEA08

Symbol: SYSCTL_PRGPIO_R
   Definitions
      At line 13 in file gpio.s
   Uses
      At line 113 in file gpio.s
Comment: SYSCTL_PRGPIO_R used once
SYSCTL_RCGCGPIO_R 400FE608

Symbol: SYSCTL_RCGCGPIO_R
   Definitions
      At line 12 in file gpio.s
   Uses
      At line 108 in file gpio.s
Comment: SYSCTL_RCGCGPIO_R used once
63 symbols



ARM Macro Assembler    Page 1 Alphabetic symbol ordering
External symbols

DisableInterrupts 00000000

Symbol: DisableInterrupts
   Definitions
      At line 95 in file gpio.s
   Uses
      None
Comment: DisableInterrupts unused
EnableInterrupts 00000000

Symbol: EnableInterrupts
   Definitions
      At line 94 in file gpio.s
   Uses
      None
Comment: EnableInterrupts unused
SysTick_Wait1ms 00000000

Symbol: SysTick_Wait1ms
   Definitions
      At line 96 in file gpio.s
   Uses
      None
Comment: SysTick_Wait1ms unused
3 symbols
411 symbols in table
