


ARM Macro Assembler    Page 1 


    1 00000000         ; main.s
    2 00000000         ; Desenvolvido para a placa EK-TM4C1294XL
    3 00000000         ; Prof. Guilherme Peron
    4 00000000         ; 15/03/2018
    5 00000000         ; Este programa espera o usuário apertar a chave USR_SW1
                        e/ou a chave USR_SW2.
    6 00000000         ; Caso o usuário pressione a chave USR_SW1, acenderá o L
                       ED2. Caso o usuário pressione 
    7 00000000         ; a chave USR_SW2, acenderá o LED1. Caso as duas chaves 
                       sejam pressionadas, os dois 
    8 00000000         ; LEDs acendem.
    9 00000000         
   10 00000000         ; ------------------------------------------------------
                       -------------------------
   11 00000000                 THUMB                        ; Instruções do tip
                                                            o Thumb-2
   12 00000000         ; ------------------------------------------------------
                       -------------------------
   13 00000000         
   14 00000000         ; ------------------------------------------------------
                       -------------------------
   15 00000000         ; Área de Dados - Declarações de variáveis
   16 00000000                 AREA             DATA, ALIGN=2
   17 00000000         ; Se alguma variável for chamada em outro arquivo
   18 00000000         ;EXPORT  <var> [DATA,SIZE=<tam>]   ; Permite chamar a va
                       riável <var> a 
   19 00000000         ; partir de outro arquivo
   20 00000000         ;<var> SPACE <tam>                        ; Declara uma 
                       variável de nome <var>
   21 00000000         ; de <tam> bytes a partir da primeira 
   22 00000000         ; posição da RAM  
   23 00000000         
   24 00000000         ; ------------------------------------------------------
                       -------------------------
   25 00000000         ; Área de Código - Tudo abaixo da diretiva a seguir será
                        armazenado na memória de 
   26 00000000         ;                  código
   27 00000000                 AREA             |.text|, CODE, READONLY, ALIGN=
2
   28 00000000         
   29 00000000         ; Se alguma função do arquivo for chamada em outro arqui
                       vo 
   30 00000000                 EXPORT           Start       ; Permite chamar a 
                                                            função Start a part
                                                            ir de 
   31 00000000         ; outro arquivo. No caso startup.s
   32 00000000         
   33 00000000         ; Se chamar alguma função externa 
   34 00000000         ;IMPORT <func>              ; Permite chamar dentro dest
                       e arquivo uma 
   35 00000000         ; função <func>
   36 00000000                 IMPORT           PLL_Init
   37 00000000                 IMPORT           SysTick_Init
   38 00000000                 IMPORT           SysTick_Wait1ms
   39 00000000                 IMPORT           GPIO_Init
   40 00000000                 IMPORT           PortN_Output
   41 00000000                 IMPORT           GPIOPortJ_Handler
   42 00000000         
   43 00000000         ; ------------------------------------------------------



ARM Macro Assembler    Page 2 


                       -------------------------
   44 00000000         ; Função main()
   45 00000000         Start
   46 00000000 F7FF FFFE       BL               PLL_Init    ;Chama a subrotina 
                                                            para alterar o cloc
                                                            k do microcontrolad
                                                            or para 80MHz
   47 00000004 F7FF FFFE       BL               SysTick_Init ;Chama a subrotina
                                                             para inicializar o
                                                             SysTick
   48 00000008 F7FF FFFE       BL               GPIO_Init   ;Chama a subrotina 
                                                            que inicializa os G
                                                            PIO
   49 0000000C         
   50 0000000C         MainLoop
   51 0000000C E7FE            B                MainLoop
   52 0000000E         
   53 0000000E         acendeled
   54 0000000E F04F 0002       MOV              R0, #2_10   ; setar o BIT1 em b
                                                            inário
   55 00000012 B500            PUSH             {LR}        ; dar um PUSH no LR
                                                             para não perder o 
                                                            endereço a hora que
                                                             chamar 
   56 00000014 F7FF FFFE       BL               PortN_Output
   57 00000018 F44F 70FA       MOV              R0, #500
   58 0000001C F7FF FFFE       BL               SysTick_Wait1ms
   59 00000020 F85D EB04       POP              {LR}
   60 00000024 E7F2            B                MainLoop    ;Volta para o laço 
                                                            principal 
   61 00000026         
   62 00000026 00 00           ALIGN                        ;Garante que o fim 
                                                            da seção está alinh
                                                            ada 
   63 00000028                 END                          ;Fim do arquivo
Command Line: --debug --xref --diag_suppress=9931 --cpu=Cortex-M4.fp.sp --apcs=
interwork --depend=.\objects\main.d -o.\objects\main.o -IC:\Users\gabri\AppData
\Local\Arm\Packs\Keil\TM4C_DFP\1.1.0\Device\Include\TM4C129 --predefine="__EVAL
 SETA 1" --predefine="__UVISION_VERSION SETA 536" --predefine="TM4C1294NCPDT SE
TA 1" --list=.\listings\main.lst main.s



ARM Macro Assembler    Page 1 Alphabetic symbol ordering
Relocatable symbols

DATA 00000000

Symbol: DATA
   Definitions
      At line 16 in file main.s
   Uses
      None
Comment: DATA unused
1 symbol



ARM Macro Assembler    Page 1 Alphabetic symbol ordering
Relocatable symbols

.text 00000000

Symbol: .text
   Definitions
      At line 27 in file main.s
   Uses
      None
Comment: .text unused
MainLoop 0000000C

Symbol: MainLoop
   Definitions
      At line 50 in file main.s
   Uses
      At line 51 in file main.s
      At line 60 in file main.s

Start 00000000

Symbol: Start
   Definitions
      At line 45 in file main.s
   Uses
      At line 30 in file main.s
Comment: Start used once
acendeled 0000000E

Symbol: acendeled
   Definitions
      At line 53 in file main.s
   Uses
      None
Comment: acendeled unused
4 symbols



ARM Macro Assembler    Page 1 Alphabetic symbol ordering
External symbols

GPIOPortJ_Handler 00000000

Symbol: GPIOPortJ_Handler
   Definitions
      At line 41 in file main.s
   Uses
      None
Comment: GPIOPortJ_Handler unused
GPIO_Init 00000000

Symbol: GPIO_Init
   Definitions
      At line 39 in file main.s
   Uses
      At line 48 in file main.s
Comment: GPIO_Init used once
PLL_Init 00000000

Symbol: PLL_Init
   Definitions
      At line 36 in file main.s
   Uses
      At line 46 in file main.s
Comment: PLL_Init used once
PortN_Output 00000000

Symbol: PortN_Output
   Definitions
      At line 40 in file main.s
   Uses
      At line 56 in file main.s
Comment: PortN_Output used once
SysTick_Init 00000000

Symbol: SysTick_Init
   Definitions
      At line 37 in file main.s
   Uses
      At line 47 in file main.s
Comment: SysTick_Init used once
SysTick_Wait1ms 00000000

Symbol: SysTick_Wait1ms
   Definitions
      At line 38 in file main.s
   Uses
      At line 58 in file main.s
Comment: SysTick_Wait1ms used once
6 symbols
345 symbols in table
